<?xml version="1.0" encoding="UTF-8"?>
<!-- Generated by org.testng.reporters.JUnitReportReporter -->
<testsuite skipped="0" hostname="LAPTOP-HN641TBH" name="test.Root2" tests="1" failures="0" timestamp="2020-08-26T17:48:11 CDT" time="0.002" errors="0">
  <testcase name="anotherTest" time="0.002" classname="test.Root2"/>
  <system-out/>
</testsuite> <!-- test.Root2 -->
