<?xml version="1.0" encoding="UTF-8"?>
<!-- Generated by org.testng.reporters.JUnitReportReporter -->
<testsuite skipped="0" hostname="LAPTOP-HN641TBH" name="test.Root3" tests="4" failures="0" timestamp="2020-08-26T17:48:11 CDT" time="0.012" errors="0">
  <testcase name="testShell" time="0.006" classname="test.Root3"/>
  <system-out/>
  <testcase name="day3" time="0.003" classname="test.Root3"/>
  <system-out/>
  <testcase name="day3" time="0.001" classname="test.Root3"/>
  <system-out/>
  <testcase name="day3" time="0.002" classname="test.Root3"/>
  <system-out/>
</testsuite> <!-- test.Root3 -->
