<?xml version="1.0" encoding="UTF-8"?>
<!-- Generated by org.testng.reporters.JUnitReportReporter -->
<testsuite skipped="0" hostname="LAPTOP-HN641TBH" name="test.Root1" tests="1" failures="0" timestamp="2020-08-26T17:48:11 CDT" time="0.006" errors="0">
  <testcase name="Demo" time="0.006" classname="test.Root1"/>
  <system-out/>
</testsuite> <!-- test.Root1 -->
