<?xml version="1.0" encoding="UTF-8"?>
<!-- Generated by org.testng.reporters.JUnitReportReporter -->
<testsuite skipped="0" hostname="LAPTOP-HN641TBH" name="cucumberOptions.TestRunner" tests="1" failures="0" timestamp="2020-09-12T18:38:53 CDT" time="28.965" errors="0">
  <testcase name="feature" time="28.965" classname="cucumberOptions.TestRunner"/>
  <system-out/>
</testsuite> <!-- cucumberOptions.TestRunner -->
