<?xml version="1.0" encoding="UTF-8"?>
<!-- Generated by org.testng.reporters.JUnitReportReporter -->
<testsuite skipped="0" hostname="LAPTOP-HN641TBH" name="SaiAcademy.RightNavBarTest" tests="1" failures="0" timestamp="2020-09-12T18:38:53 CDT" time="0.308" errors="0">
  <testcase name="basePageNavigation" time="0.308" classname="SaiAcademy.RightNavBarTest"/>
  <system-out/>
</testsuite> <!-- SaiAcademy.RightNavBarTest -->
