<?xml version="1.0" encoding="UTF-8"?>
<!-- Generated by org.testng.reporters.JUnitReportReporter -->
<testsuite skipped="0" hostname="LAPTOP-HN641TBH" name="SaiAcademy.HomePageTest" tests="2" failures="0" timestamp="2020-09-12T18:38:53 CDT" time="49.839" errors="0">
  <testcase name="basePageNavigation" time="35.271" classname="SaiAcademy.HomePageTest"/>
  <system-out/>
  <testcase name="basePageNavigation" time="14.568" classname="SaiAcademy.HomePageTest"/>
  <system-out/>
</testsuite> <!-- SaiAcademy.HomePageTest -->
