<?xml version="1.0" encoding="UTF-8"?>
<!-- Generated by org.testng.reporters.JUnitReportReporter -->
<testsuite skipped="0" hostname="LAPTOP-HN641TBH" name="cucumberOptions.TestRunner" tests="1" failures="0" timestamp="2020-09-12T18:30:21 CDT" time="22.696" errors="0">
  <testcase name="feature" time="22.696" classname="cucumberOptions.TestRunner"/>
  <system-out/>
</testsuite> <!-- cucumberOptions.TestRunner -->
