<?xml version="1.0" encoding="UTF-8"?>
<!-- Generated by org.testng.reporters.JUnitReportReporter -->
<testsuite skipped="0" hostname="LAPTOP-HN641TBH" name="SaiAcademy.RightNavBarTest" tests="1" failures="0" timestamp="2020-09-07T17:05:38 CDT" time="2.047" errors="0">
  <testcase name="basePageNavigation" time="2.047" classname="SaiAcademy.RightNavBarTest"/>
  <system-out/>
</testsuite> <!-- SaiAcademy.RightNavBarTest -->
