<?xml version="1.0" encoding="UTF-8"?>
<!-- Generated by org.testng.reporters.JUnitReportReporter -->
<testsuite skipped="0" hostname="LAPTOP-HN641TBH" name="SaiMavenProject.ExtentReports.ExtentReportDemoTest" tests="1" failures="0" timestamp="2020-08-28T15:28:35 CDT" time="8.244" errors="0">
  <testcase name="initialDemo" time="8.244" classname="SaiMavenProject.ExtentReports.ExtentReportDemoTest"/>
  <system-out/>
</testsuite> <!-- SaiMavenProject.ExtentReports.ExtentReportDemoTest -->
